[INFO ] 2018-01-16 14:50:53.681 [main] ContextLoader - Root WebApplicationContext: initialization started
[INFO ] 2018-01-16 14:50:53.878 [main] XmlWebApplicationContext - Refreshing Root WebApplicationContext: startup date [Tue Jan 16 14:50:53 CST 2018]; root of context hierarchy
[INFO ] 2018-01-16 14:50:54.036 [main] XmlBeanDefinitionReader - Loading XML bean definitions from URL [file:/C:/Users/E-LINTER-002/IdeaProjects/demo/target/classes/applicationContext.xml]
[INFO ] 2018-01-16 14:50:54.659 [main] XmlBeanDefinitionReader - Loading XML bean definitions from URL [file:/C:/Users/E-LINTER-002/IdeaProjects/demo/target/classes/security/applicationContext-shiro.xml]
[INFO ] 2018-01-16 14:50:55.446 [main] AutowiredAnnotationBeanPostProcessor - JSR-330 'javax.inject.Inject' annotation found and supported for autowiring
[INFO ] 2018-01-16 14:50:57.170 [main] PostProcessorRegistrationDelegate$BeanPostProcessorChecker - Bean 'credentialsMatcher' of type [org.apache.shiro.authc.credential.Md5CredentialsMatcher] is not eligible for getting processed by all BeanPostProcessors (for example: not eligible for auto-proxying)
[INFO ] 2018-01-16 14:50:57.445 [main] PostProcessorRegistrationDelegate$BeanPostProcessorChecker - Bean 'dataSource' of type [com.zaxxer.hikari.HikariDataSource] is not eligible for getting processed by all BeanPostProcessors (for example: not eligible for auto-proxying)
[INFO ] 2018-01-16 14:50:57.474 [main] PostProcessorRegistrationDelegate$BeanPostProcessorChecker - Bean 'jdbcRealm' of type [org.apache.shiro.realm.jdbc.JdbcRealm] is not eligible for getting processed by all BeanPostProcessors (for example: not eligible for auto-proxying)
[INFO ] 2018-01-16 14:50:57.517 [main] PostProcessorRegistrationDelegate$BeanPostProcessorChecker - Bean 'cacheManager' of type [org.apache.shiro.cache.MemoryConstrainedCacheManager] is not eligible for getting processed by all BeanPostProcessors (for example: not eligible for auto-proxying)
[INFO ] 2018-01-16 14:50:57.831 [main] PostProcessorRegistrationDelegate$BeanPostProcessorChecker - Bean 'rememberMeCookie' of type [org.apache.shiro.web.servlet.SimpleCookie] is not eligible for getting processed by all BeanPostProcessors (for example: not eligible for auto-proxying)
[INFO ] 2018-01-16 14:50:57.834 [main] PostProcessorRegistrationDelegate$BeanPostProcessorChecker - Bean 'rememberMeManager' of type [org.apache.shiro.web.mgt.CookieRememberMeManager] is not eligible for getting processed by all BeanPostProcessors (for example: not eligible for auto-proxying)
[INFO ] 2018-01-16 14:50:57.842 [main] PostProcessorRegistrationDelegate$BeanPostProcessorChecker - Bean 'securityManager' of type [org.apache.shiro.web.mgt.DefaultWebSecurityManager] is not eligible for getting processed by all BeanPostProcessors (for example: not eligible for auto-proxying)
[WARN ] 2018-01-16 14:50:58.711 [main] HikariConfig - kfPool - idleTimeout is close to or more than maxLifetime, disabling it.
[INFO ] 2018-01-16 14:50:58.712 [main] HikariDataSource - kfPool - Starting...
[INFO ] 2018-01-16 14:51:02.310 [main] HikariDataSource - kfPool - Start completed.
[INFO ] 2018-01-16 14:51:03.345 [main] ContextLoader - Root WebApplicationContext: initialization completed in 9614 ms
[INFO ] 2018-01-16 14:51:04.094 [main] DispatcherServlet - FrameworkServlet 'springServlet': initialization started
[INFO ] 2018-01-16 14:51:04.103 [main] XmlWebApplicationContext - Refreshing WebApplicationContext for namespace 'springServlet-servlet': startup date [Tue Jan 16 14:51:04 CST 2018]; parent: Root WebApplicationContext
[INFO ] 2018-01-16 14:51:04.106 [main] XmlBeanDefinitionReader - Loading XML bean definitions from URL [file:/C:/Users/E-LINTER-002/IdeaProjects/demo/target/classes/spring-mvc.xml]
[INFO ] 2018-01-16 14:51:04.703 [main] AutowiredAnnotationBeanPostProcessor - JSR-330 'javax.inject.Inject' annotation found and supported for autowiring
[INFO ] 2018-01-16 14:51:05.738 [main] RequestMappingHandlerMapping - Mapped "{[/demo/login],methods=[GET]}" onto public java.lang.String com.effort.demo.web.LoginController.login()
[INFO ] 2018-01-16 14:51:05.744 [main] RequestMappingHandlerMapping - Mapped "{[/demo/login],methods=[POST]}" onto public java.lang.String com.effort.demo.web.LoginController.doLogin(java.lang.String,java.lang.String,javax.servlet.http.HttpServletRequest)
[INFO ] 2018-01-16 14:51:06.082 [main] Version - HV000001: Hibernate Validator 6.0.5.Final
[INFO ] 2018-01-16 14:51:06.905 [main] ValidatorFactoryImpl - HV000238: Temporal validation tolerance set to 0.
[INFO ] 2018-01-16 14:51:09.339 [main] RequestMappingHandlerAdapter - Looking for @ControllerAdvice: WebApplicationContext for namespace 'springServlet-servlet': startup date [Tue Jan 16 14:51:04 CST 2018]; parent: Root WebApplicationContext
[INFO ] 2018-01-16 14:51:10.539 [main] RequestMappingHandlerAdapter - Looking for @ControllerAdvice: WebApplicationContext for namespace 'springServlet-servlet': startup date [Tue Jan 16 14:51:04 CST 2018]; parent: Root WebApplicationContext
[INFO ] 2018-01-16 14:51:11.314 [main] SimpleUrlHandlerMapping - Mapped URL path [/**] onto handler 'org.springframework.web.servlet.resource.DefaultServletHttpRequestHandler#0'
[INFO ] 2018-01-16 14:51:11.560 [main] DispatcherServlet - FrameworkServlet 'springServlet': initialization completed in 7465 ms
[INFO ] 2018-01-16 16:30:15.471 [main] ContextLoader - Root WebApplicationContext: initialization started
[INFO ] 2018-01-16 16:30:15.706 [main] XmlWebApplicationContext - Refreshing Root WebApplicationContext: startup date [Tue Jan 16 16:30:15 CST 2018]; root of context hierarchy
[INFO ] 2018-01-16 16:30:15.862 [main] XmlBeanDefinitionReader - Loading XML bean definitions from URL [file:/C:/Users/E-LINTER-002/IdeaProjects/demo/target/classes/applicationContext.xml]
[INFO ] 2018-01-16 16:30:16.487 [main] XmlBeanDefinitionReader - Loading XML bean definitions from URL [file:/C:/Users/E-LINTER-002/IdeaProjects/demo/target/classes/security/applicationContext-shiro.xml]
[INFO ] 2018-01-16 16:30:16.612 [main] XmlBeanDefinitionReader - Loading XML bean definitions from URL [file:/C:/Users/E-LINTER-002/IdeaProjects/demo/target/classes/jms/spring-jms.xml]
[INFO ] 2018-01-16 16:30:17.346 [main] AutowiredAnnotationBeanPostProcessor - JSR-330 'javax.inject.Inject' annotation found and supported for autowiring
[INFO ] 2018-01-16 16:30:18.940 [main] PostProcessorRegistrationDelegate$BeanPostProcessorChecker - Bean 'credentialsMatcher' of type [org.apache.shiro.authc.credential.Md5CredentialsMatcher] is not eligible for getting processed by all BeanPostProcessors (for example: not eligible for auto-proxying)
[INFO ] 2018-01-16 16:30:19.175 [main] PostProcessorRegistrationDelegate$BeanPostProcessorChecker - Bean 'dataSource' of type [com.zaxxer.hikari.HikariDataSource] is not eligible for getting processed by all BeanPostProcessors (for example: not eligible for auto-proxying)
[INFO ] 2018-01-16 16:30:19.206 [main] PostProcessorRegistrationDelegate$BeanPostProcessorChecker - Bean 'jdbcRealm' of type [org.apache.shiro.realm.jdbc.JdbcRealm] is not eligible for getting processed by all BeanPostProcessors (for example: not eligible for auto-proxying)
[INFO ] 2018-01-16 16:30:19.237 [main] PostProcessorRegistrationDelegate$BeanPostProcessorChecker - Bean 'cacheManager' of type [org.apache.shiro.cache.MemoryConstrainedCacheManager] is not eligible for getting processed by all BeanPostProcessors (for example: not eligible for auto-proxying)
[INFO ] 2018-01-16 16:30:19.471 [main] PostProcessorRegistrationDelegate$BeanPostProcessorChecker - Bean 'rememberMeCookie' of type [org.apache.shiro.web.servlet.SimpleCookie] is not eligible for getting processed by all BeanPostProcessors (for example: not eligible for auto-proxying)
[INFO ] 2018-01-16 16:30:19.487 [main] PostProcessorRegistrationDelegate$BeanPostProcessorChecker - Bean 'rememberMeManager' of type [org.apache.shiro.web.mgt.CookieRememberMeManager] is not eligible for getting processed by all BeanPostProcessors (for example: not eligible for auto-proxying)
[INFO ] 2018-01-16 16:30:19.487 [main] PostProcessorRegistrationDelegate$BeanPostProcessorChecker - Bean 'securityManager' of type [org.apache.shiro.web.mgt.DefaultWebSecurityManager] is not eligible for getting processed by all BeanPostProcessors (for example: not eligible for auto-proxying)
[WARN ] 2018-01-16 16:30:20.096 [main] XmlWebApplicationContext - Exception encountered during context initialization - cancelling refresh attempt: org.springframework.beans.factory.BeanCreationException: Error creating bean with name 'connectionFactory': Lookup method resolution failed; nested exception is java.lang.IllegalStateException: Failed to introspect Class [org.springframework.jms.connection.SingleConnectionFactory] from ClassLoader [WebAppClassLoader=Created Demo Application@1d858300]
