[WARN ] 2018-01-01 18:16:02.051 [main] HikariConfig - kfPool - idleTimeout is close to or more than maxLifetime, disabling it.
[WARN ] 2018-01-01 18:18:08.248 [main] HikariConfig - kfPool - idleTimeout is close to or more than maxLifetime, disabling it.
[WARN ] 2018-01-01 18:19:26.605 [qtp170082758-14] AbstractRememberMeManager - There was a failure while trying to retrieve remembered principals.  This could be due to a configuration problem or corrupted principals.  This could also be due to a recently changed encryption key, if you are using a shiro.ini file, this property would be 'securityManager.rememberMeManager.cipherKey' see: http://shiro.apache.org/web.html#Web-RememberMeServices. The remembered identity will be forgotten and not used for this request.
[WARN ] 2018-01-01 18:19:26.617 [qtp170082758-14] DefaultSecurityManager - Delegate RememberMeManager instance of type [org.apache.shiro.web.mgt.CookieRememberMeManager] threw an exception during getRememberedPrincipals().
org.apache.shiro.io.SerializationException: Unable to deserialize argument byte array.
	at org.apache.shiro.io.DefaultSerializer.deserialize(DefaultSerializer.java:82) ~[shiro-core-1.4.0.jar:1.4.0]
	at org.apache.shiro.mgt.AbstractRememberMeManager.deserialize(AbstractRememberMeManager.java:507) ~[shiro-core-1.4.0.jar:1.4.0]
	at org.apache.shiro.mgt.AbstractRememberMeManager.convertBytesToPrincipals(AbstractRememberMeManager.java:421) ~[shiro-core-1.4.0.jar:1.4.0]
	at org.apache.shiro.mgt.AbstractRememberMeManager.getRememberedPrincipals(AbstractRememberMeManager.java:386) ~[shiro-core-1.4.0.jar:1.4.0]
	at org.apache.shiro.mgt.DefaultSecurityManager.getRememberedIdentity(DefaultSecurityManager.java:612) [shiro-core-1.4.0.jar:1.4.0]
	at org.apache.shiro.mgt.DefaultSecurityManager.resolvePrincipals(DefaultSecurityManager.java:500) [shiro-core-1.4.0.jar:1.4.0]
	at org.apache.shiro.mgt.DefaultSecurityManager.createSubject(DefaultSecurityManager.java:346) [shiro-core-1.4.0.jar:1.4.0]
	at org.apache.shiro.subject.Subject$Builder.buildSubject(Subject.java:845) [shiro-core-1.4.0.jar:1.4.0]
	at org.apache.shiro.web.subject.WebSubject$Builder.buildWebSubject(WebSubject.java:148) [shiro-web-1.4.0.jar:1.4.0]
	at org.apache.shiro.web.servlet.AbstractShiroFilter.createSubject(AbstractShiroFilter.java:292) [shiro-web-1.4.0.jar:1.4.0]
	at org.apache.shiro.web.servlet.AbstractShiroFilter.doFilterInternal(AbstractShiroFilter.java:359) [shiro-web-1.4.0.jar:1.4.0]
	at org.apache.shiro.web.servlet.OncePerRequestFilter.doFilter(OncePerRequestFilter.java:125) [shiro-web-1.4.0.jar:1.4.0]
	at org.springframework.web.filter.DelegatingFilterProxy.invokeDelegate(DelegatingFilterProxy.java:357) [spring-web-5.0.2.RELEASE.jar:5.0.2.RELEASE]
	at org.springframework.web.filter.DelegatingFilterProxy.doFilter(DelegatingFilterProxy.java:270) [spring-web-5.0.2.RELEASE.jar:5.0.2.RELEASE]
	at org.eclipse.jetty.servlet.ServletHandler$CachedChain.doFilter(ServletHandler.java:1637) [jetty-servlet-9.4.7.v20170914.jar:9.4.7.v20170914]
	at org.springframework.web.filter.CharacterEncodingFilter.doFilterInternal(CharacterEncodingFilter.java:200) [spring-web-5.0.2.RELEASE.jar:5.0.2.RELEASE]
	at org.springframework.web.filter.OncePerRequestFilter.doFilter(OncePerRequestFilter.java:107) [spring-web-5.0.2.RELEASE.jar:5.0.2.RELEASE]
	at org.eclipse.jetty.servlet.ServletHandler$CachedChain.doFilter(ServletHandler.java:1629) [jetty-servlet-9.4.7.v20170914.jar:9.4.7.v20170914]
	at org.eclipse.jetty.servlet.ServletHandler.doHandle(ServletHandler.java:533) [jetty-servlet-9.4.7.v20170914.jar:9.4.7.v20170914]
	at org.eclipse.jetty.server.handler.ScopedHandler.handle(ScopedHandler.java:143) [jetty-server-9.4.7.v20170914.jar:9.4.7.v20170914]
	at org.eclipse.jetty.security.SecurityHandler.handle(SecurityHandler.java:548) [jetty-security-9.4.7.v20170914.jar:9.4.7.v20170914]
	at org.eclipse.jetty.server.handler.HandlerWrapper.handle(HandlerWrapper.java:132) [jetty-server-9.4.7.v20170914.jar:9.4.7.v20170914]
	at org.eclipse.jetty.server.handler.ScopedHandler.nextHandle(ScopedHandler.java:190) [jetty-server-9.4.7.v20170914.jar:9.4.7.v20170914]
	at org.eclipse.jetty.server.session.SessionHandler.doHandle(SessionHandler.java:1595) [jetty-server-9.4.7.v20170914.jar:9.4.7.v20170914]
	at org.eclipse.jetty.server.handler.ScopedHandler.nextHandle(ScopedHandler.java:188) [jetty-server-9.4.7.v20170914.jar:9.4.7.v20170914]
	at org.eclipse.jetty.server.handler.ContextHandler.doHandle(ContextHandler.java:1253) [jetty-server-9.4.7.v20170914.jar:9.4.7.v20170914]
	at org.eclipse.jetty.server.handler.ScopedHandler.nextScope(ScopedHandler.java:168) [jetty-server-9.4.7.v20170914.jar:9.4.7.v20170914]
	at org.eclipse.jetty.servlet.ServletHandler.doScope(ServletHandler.java:473) [jetty-servlet-9.4.7.v20170914.jar:9.4.7.v20170914]
	at org.eclipse.jetty.server.session.SessionHandler.doScope(SessionHandler.java:1564) [jetty-server-9.4.7.v20170914.jar:9.4.7.v20170914]
	at org.eclipse.jetty.server.handler.ScopedHandler.nextScope(ScopedHandler.java:166) [jetty-server-9.4.7.v20170914.jar:9.4.7.v20170914]
	at org.eclipse.jetty.server.handler.ContextHandler.doScope(ContextHandler.java:1155) [jetty-server-9.4.7.v20170914.jar:9.4.7.v20170914]
	at org.eclipse.jetty.server.handler.ScopedHandler.handle(ScopedHandler.java:141) [jetty-server-9.4.7.v20170914.jar:9.4.7.v20170914]
	at org.eclipse.jetty.server.handler.ContextHandlerCollection.handle(ContextHandlerCollection.java:219) [jetty-server-9.4.7.v20170914.jar:9.4.7.v20170914]
	at org.eclipse.jetty.server.handler.HandlerCollection.handle(HandlerCollection.java:126) [jetty-server-9.4.7.v20170914.jar:9.4.7.v20170914]
	at org.eclipse.jetty.server.handler.HandlerWrapper.handle(HandlerWrapper.java:132) [jetty-server-9.4.7.v20170914.jar:9.4.7.v20170914]
	at org.eclipse.jetty.server.Server.handle(Server.java:561) [jetty-server-9.4.7.v20170914.jar:9.4.7.v20170914]
	at org.eclipse.jetty.server.HttpChannel.handle(HttpChannel.java:334) [jetty-server-9.4.7.v20170914.jar:9.4.7.v20170914]
	at org.eclipse.jetty.server.HttpConnection.onFillable(HttpConnection.java:251) [jetty-server-9.4.7.v20170914.jar:9.4.7.v20170914]
	at org.eclipse.jetty.io.AbstractConnection$ReadCallback.succeeded(AbstractConnection.java:279) [jetty-io-9.4.7.v20170914.jar:9.4.7.v20170914]
	at org.eclipse.jetty.io.FillInterest.fillable(FillInterest.java:104) [jetty-io-9.4.7.v20170914.jar:9.4.7.v20170914]
	at org.eclipse.jetty.io.ChannelEndPoint$2.run(ChannelEndPoint.java:124) [jetty-io-9.4.7.v20170914.jar:9.4.7.v20170914]
	at org.eclipse.jetty.util.thread.QueuedThreadPool.runJob(QueuedThreadPool.java:679) [jetty-util-9.4.7.v20170914.jar:9.4.7.v20170914]
	at org.eclipse.jetty.util.thread.QueuedThreadPool$2.run(QueuedThreadPool.java:597) [jetty-util-9.4.7.v20170914.jar:9.4.7.v20170914]
	at java.lang.Thread.run(Thread.java:748) [?:1.8.0_151]
Caused by: java.lang.ClassNotFoundException: Unable to load ObjectStreamClass [com.elinter.ems.service.ShiroDbRealm$ShiroUser: static final long serialVersionUID = 5186963019236983658L;]: 
	at org.apache.shiro.io.ClassResolvingObjectInputStream.resolveClass(ClassResolvingObjectInputStream.java:55) ~[shiro-core-1.4.0.jar:1.4.0]
	at java.io.ObjectInputStream.readNonProxyDesc(ObjectInputStream.java:1863) ~[?:1.8.0_151]
	at java.io.ObjectInputStream.readClassDesc(ObjectInputStream.java:1746) ~[?:1.8.0_151]
	at java.io.ObjectInputStream.readOrdinaryObject(ObjectInputStream.java:2037) ~[?:1.8.0_151]
	at java.io.ObjectInputStream.readObject0(ObjectInputStream.java:1568) ~[?:1.8.0_151]
	at java.io.ObjectInputStream.readObject(ObjectInputStream.java:428) ~[?:1.8.0_151]
	at java.util.HashSet.readObject(HashSet.java:341) ~[?:1.8.0_151]
	at sun.reflect.NativeMethodAccessorImpl.invoke0(Native Method) ~[?:1.8.0_151]
	at sun.reflect.NativeMethodAccessorImpl.invoke(NativeMethodAccessorImpl.java:62) ~[?:1.8.0_151]
	at sun.reflect.DelegatingMethodAccessorImpl.invoke(DelegatingMethodAccessorImpl.java:43) ~[?:1.8.0_151]
	at java.lang.reflect.Method.invoke(Method.java:498) ~[?:1.8.0_151]
	at java.io.ObjectStreamClass.invokeReadObject(ObjectStreamClass.java:1158) ~[?:1.8.0_151]
	at java.io.ObjectInputStream.readSerialData(ObjectInputStream.java:2173) ~[?:1.8.0_151]
	at java.io.ObjectInputStream.readOrdinaryObject(ObjectInputStream.java:2064) ~[?:1.8.0_151]
	at java.io.ObjectInputStream.readObject0(ObjectInputStream.java:1568) ~[?:1.8.0_151]
	at java.io.ObjectInputStream.readObject(ObjectInputStream.java:428) ~[?:1.8.0_151]
	at java.util.HashMap.readObject(HashMap.java:1409) ~[?:1.8.0_151]
	at sun.reflect.NativeMethodAccessorImpl.invoke0(Native Method) ~[?:1.8.0_151]
	at sun.reflect.NativeMethodAccessorImpl.invoke(NativeMethodAccessorImpl.java:62) ~[?:1.8.0_151]
	at sun.reflect.DelegatingMethodAccessorImpl.invoke(DelegatingMethodAccessorImpl.java:43) ~[?:1.8.0_151]
	at java.lang.reflect.Method.invoke(Method.java:498) ~[?:1.8.0_151]
	at java.io.ObjectStreamClass.invokeReadObject(ObjectStreamClass.java:1158) ~[?:1.8.0_151]
	at java.io.ObjectInputStream.readSerialData(ObjectInputStream.java:2173) ~[?:1.8.0_151]
	at java.io.ObjectInputStream.readOrdinaryObject(ObjectInputStream.java:2064) ~[?:1.8.0_151]
	at java.io.ObjectInputStream.readObject0(ObjectInputStream.java:1568) ~[?:1.8.0_151]
	at java.io.ObjectInputStream.defaultReadFields(ObjectInputStream.java:2282) ~[?:1.8.0_151]
	at java.io.ObjectInputStream.defaultReadObject(ObjectInputStream.java:558) ~[?:1.8.0_151]
	at org.apache.shiro.subject.SimplePrincipalCollection.readObject(SimplePrincipalCollection.java:295) ~[shiro-core-1.4.0.jar:1.4.0]
	at sun.reflect.NativeMethodAccessorImpl.invoke0(Native Method) ~[?:1.8.0_151]
	at sun.reflect.NativeMethodAccessorImpl.invoke(NativeMethodAccessorImpl.java:62) ~[?:1.8.0_151]
	at sun.reflect.DelegatingMethodAccessorImpl.invoke(DelegatingMethodAccessorImpl.java:43) ~[?:1.8.0_151]
	at java.lang.reflect.Method.invoke(Method.java:498) ~[?:1.8.0_151]
	at java.io.ObjectStreamClass.invokeReadObject(ObjectStreamClass.java:1158) ~[?:1.8.0_151]
	at java.io.ObjectInputStream.readSerialData(ObjectInputStream.java:2173) ~[?:1.8.0_151]
	at java.io.ObjectInputStream.readOrdinaryObject(ObjectInputStream.java:2064) ~[?:1.8.0_151]
	at java.io.ObjectInputStream.readObject0(ObjectInputStream.java:1568) ~[?:1.8.0_151]
	at java.io.ObjectInputStream.readObject(ObjectInputStream.java:428) ~[?:1.8.0_151]
	at org.apache.shiro.io.DefaultSerializer.deserialize(DefaultSerializer.java:77) ~[shiro-core-1.4.0.jar:1.4.0]
	... 43 more
Caused by: org.apache.shiro.util.UnknownClassException: Unable to load class named [com.elinter.ems.service.ShiroDbRealm$ShiroUser] from the thread context, current, or system/application ClassLoaders.  All heuristics have been exhausted.  Class could not be found.
	at org.apache.shiro.util.ClassUtils.forName(ClassUtils.java:152) ~[shiro-core-1.4.0.jar:1.4.0]
	at org.apache.shiro.io.ClassResolvingObjectInputStream.resolveClass(ClassResolvingObjectInputStream.java:53) ~[shiro-core-1.4.0.jar:1.4.0]
	at java.io.ObjectInputStream.readNonProxyDesc(ObjectInputStream.java:1863) ~[?:1.8.0_151]
	at java.io.ObjectInputStream.readClassDesc(ObjectInputStream.java:1746) ~[?:1.8.0_151]
	at java.io.ObjectInputStream.readOrdinaryObject(ObjectInputStream.java:2037) ~[?:1.8.0_151]
	at java.io.ObjectInputStream.readObject0(ObjectInputStream.java:1568) ~[?:1.8.0_151]
	at java.io.ObjectInputStream.readObject(ObjectInputStream.java:428) ~[?:1.8.0_151]
	at java.util.HashSet.readObject(HashSet.java:341) ~[?:1.8.0_151]
	at sun.reflect.NativeMethodAccessorImpl.invoke0(Native Method) ~[?:1.8.0_151]
	at sun.reflect.NativeMethodAccessorImpl.invoke(NativeMethodAccessorImpl.java:62) ~[?:1.8.0_151]
	at sun.reflect.DelegatingMethodAccessorImpl.invoke(DelegatingMethodAccessorImpl.java:43) ~[?:1.8.0_151]
	at java.lang.reflect.Method.invoke(Method.java:498) ~[?:1.8.0_151]
	at java.io.ObjectStreamClass.invokeReadObject(ObjectStreamClass.java:1158) ~[?:1.8.0_151]
	at java.io.ObjectInputStream.readSerialData(ObjectInputStream.java:2173) ~[?:1.8.0_151]
	at java.io.ObjectInputStream.readOrdinaryObject(ObjectInputStream.java:2064) ~[?:1.8.0_151]
	at java.io.ObjectInputStream.readObject0(ObjectInputStream.java:1568) ~[?:1.8.0_151]
	at java.io.ObjectInputStream.readObject(ObjectInputStream.java:428) ~[?:1.8.0_151]
	at java.util.HashMap.readObject(HashMap.java:1409) ~[?:1.8.0_151]
	at sun.reflect.NativeMethodAccessorImpl.invoke0(Native Method) ~[?:1.8.0_151]
	at sun.reflect.NativeMethodAccessorImpl.invoke(NativeMethodAccessorImpl.java:62) ~[?:1.8.0_151]
	at sun.reflect.DelegatingMethodAccessorImpl.invoke(DelegatingMethodAccessorImpl.java:43) ~[?:1.8.0_151]
	at java.lang.reflect.Method.invoke(Method.java:498) ~[?:1.8.0_151]
	at java.io.ObjectStreamClass.invokeReadObject(ObjectStreamClass.java:1158) ~[?:1.8.0_151]
	at java.io.ObjectInputStream.readSerialData(ObjectInputStream.java:2173) ~[?:1.8.0_151]
	at java.io.ObjectInputStream.readOrdinaryObject(ObjectInputStream.java:2064) ~[?:1.8.0_151]
	at java.io.ObjectInputStream.readObject0(ObjectInputStream.java:1568) ~[?:1.8.0_151]
	at java.io.ObjectInputStream.defaultReadFields(ObjectInputStream.java:2282) ~[?:1.8.0_151]
	at java.io.ObjectInputStream.defaultReadObject(ObjectInputStream.java:558) ~[?:1.8.0_151]
	at org.apache.shiro.subject.SimplePrincipalCollection.readObject(SimplePrincipalCollection.java:295) ~[shiro-core-1.4.0.jar:1.4.0]
	at sun.reflect.NativeMethodAccessorImpl.invoke0(Native Method) ~[?:1.8.0_151]
	at sun.reflect.NativeMethodAccessorImpl.invoke(NativeMethodAccessorImpl.java:62) ~[?:1.8.0_151]
	at sun.reflect.DelegatingMethodAccessorImpl.invoke(DelegatingMethodAccessorImpl.java:43) ~[?:1.8.0_151]
	at java.lang.reflect.Method.invoke(Method.java:498) ~[?:1.8.0_151]
	at java.io.ObjectStreamClass.invokeReadObject(ObjectStreamClass.java:1158) ~[?:1.8.0_151]
	at java.io.ObjectInputStream.readSerialData(ObjectInputStream.java:2173) ~[?:1.8.0_151]
	at java.io.ObjectInputStream.readOrdinaryObject(ObjectInputStream.java:2064) ~[?:1.8.0_151]
	at java.io.ObjectInputStream.readObject0(ObjectInputStream.java:1568) ~[?:1.8.0_151]
	at java.io.ObjectInputStream.readObject(ObjectInputStream.java:428) ~[?:1.8.0_151]
	at org.apache.shiro.io.DefaultSerializer.deserialize(DefaultSerializer.java:77) ~[shiro-core-1.4.0.jar:1.4.0]
	... 43 more
[WARN ] 2018-01-01 18:30:33.491 [main] HikariConfig - kfPool - idleTimeout is close to or more than maxLifetime, disabling it.
[WARN ] 2018-01-01 18:35:02.434 [main] HikariConfig - kfPool - idleTimeout is close to or more than maxLifetime, disabling it.
[WARN ] 2018-01-01 18:39:31.906 [main] HikariConfig - kfPool - idleTimeout is close to or more than maxLifetime, disabling it.
[WARN ] 2018-01-01 18:39:45.871 [qtp185939155-17] PageNotFound - Request method 'GET' not supported
[WARN ] 2018-01-01 18:40:37.581 [qtp185939155-15] PageNotFound - Request method 'GET' not supported
[WARN ] 2018-01-01 18:42:03.136 [main] HikariConfig - kfPool - idleTimeout is close to or more than maxLifetime, disabling it.
[WARN ] 2018-01-01 18:44:59.477 [qtp1361931872-17] PageNotFound - Request method 'GET' not supported
[WARN ] 2018-01-01 18:45:52.067 [main] HikariConfig - kfPool - idleTimeout is close to or more than maxLifetime, disabling it.
[WARN ] 2018-01-01 18:50:55.336 [main] HikariConfig - kfPool - idleTimeout is close to or more than maxLifetime, disabling it.
[WARN ] 2018-01-01 20:41:13.606 [kfPool housekeeper] HikariPool - kfPool - Thread starvation or clock leap detected (housekeeper delta=1h20m46s795ms85µs843ns).
